<?xml version="1.0" encoding="UTF-8"?>
<testsuite xmlns:xsi="http://www.w3.org/2001/XMLSchema-instance" xsi:noNamespaceSchemaLocation="https://maven.apache.org/surefire/maven-surefire-plugin/xsd/surefire-test-report-3.0.xsd" version="3.0" name="TestSuite" time="6.976" tests="14" errors="0" skipped="0" failures="0">
  <properties>
[...]
</properties>
  <testcase name="testGetRequest" classname="com.reqres.tests.HttpBinTests" time="2.079">
    <system-out><![CDATA[Request method:	GET
Request URI:	http://httpbin.org/get
Proxy:			<none>
Request params:	<none>
Query params:	<none>
Form params:	<none>
Path params:	<none>
Headers:		Accept=*/*
				Content-Type=application/json
Cookies:		<none>
Multiparts:		<none>
Body:			<none>
HTTP/1.1 200 OK
Date: Wed, 30 Apr 2025 08:25:42 GMT
Content-Type: application/json
Content-Length: 362
Connection: keep-alive
Server: gunicorn/19.9.0
Access-Control-Allow-Origin: *
Access-Control-Allow-Credentials: true

{
    "args": {
        
    },
    "headers": {
        "Accept": "*/*",
        "Accept-Encoding": "gzip,deflate",
        "Content-Type": "application/json",
        "Host": "httpbin.org",
        "User-Agent": "Apache-HttpClient/4.5.13 (Java/17.0.10)",
        "X-Amzn-Trace-Id": "Root=1-6811de86-2827b94864265dd704727b93"
    },
    "origin": "49.37.129.80",
    "url": "http://httpbin.org/get"
}
]]></system-out>
  </testcase>
  <testcase name="testBearerAuth" classname="com.reqres.tests.HttpBinTests" time="2.08"/>
  <testcase name="testBasicAuth" classname="com.reqres.tests.HttpBinTests" time="2.082"/>
  <testcase name="testGetRequestWithQueryParams[name, value, 200](1)" classname="com.reqres.tests.HttpBinTests" time="0.535">
    <system-out><![CDATA[Request method:	GET
Request URI:	http://httpbin.org/get
Proxy:			<none>
Request params:	<none>
Query params:	<none>
Form params:	<none>
Path params:	<none>
Headers:		Accept-Encoding=gzip
				Accept=*/*
				Content-Type=application/json
Cookies:		<none>
Multiparts:		<none>
Body:			<none>
Request method:	GET
Request URI:	http://httpbin.org/get?name=value
Proxy:			<none>
Request params:	<none>
Query params:	name=value
Form params:	<none>
Path params:	<none>
Headers:		Accept=*/*
				Content-Type=application/json
Cookies:		<none>
Multiparts:		<none>
Body:			<none>
Request method:	POST
Request URI:	http://httpbin.org/post
Proxy:			<none>
Request params:	<none>
Query params:	<none>
Form params:	<none>
Path params:	<none>
Headers:		Accept=*/*
				Content-Type=application/json
Cookies:		<none>
Multiparts:		<none>
Body:
{
    "name": "test1",
    "value": 123
}
HTTP/1.1 200 OK
Date: Wed, 30 Apr 2025 08:25:43 GMT
Content-Type: application/json
Content-Length: 396
Connection: keep-alive
Server: gunicorn/19.9.0
Access-Control-Allow-Origin: *
Access-Control-Allow-Credentials: true

{
    "args": {
        "name": "value"
    },
    "headers": {
        "Accept": "*/*",
        "Accept-Encoding": "gzip,deflate",
        "Content-Type": "application/json",
        "Host": "httpbin.org",
        "User-Agent": "Apache-HttpClient/4.5.13 (Java/17.0.10)",
        "X-Amzn-Trace-Id": "Root=1-6811de87-67de78284a274bdd00d7578f"
    },
    "origin": "49.37.129.80",
    "url": "http://httpbin.org/get?name=value"
}
]]></system-out>
  </testcase>
  <testcase name="testGzipCompression" classname="com.reqres.tests.HttpBinTests" time="0.281">
    <system-out><![CDATA[Request method:	GET
Request URI:	http://httpbin.org/get?param1=test
Proxy:			<none>
Request params:	<none>
Query params:	param1=test
Form params:	<none>
Path params:	<none>
Headers:		Accept=*/*
				Content-Type=application/json
Cookies:		<none>
Multiparts:		<none>
Body:			<none>
HTTP/1.1 200 OK
Date: Wed, 30 Apr 2025 08:25:43 GMT
Content-Type: application/json
Content-Length: 362
Connection: keep-alive
Server: gunicorn/19.9.0
Access-Control-Allow-Origin: *
Access-Control-Allow-Credentials: true

{
    "args": {
        
    },
    "headers": {
        "Accept": "*/*",
        "Accept-Encoding": "gzip,deflate",
        "Content-Type": "application/json",
        "Host": "httpbin.org",
        "User-Agent": "Apache-HttpClient/4.5.13 (Java/17.0.10)",
        "X-Amzn-Trace-Id": "Root=1-6811de87-6220f46f2834c9df1093a1b6"
    },
    "origin": "49.37.129.80",
    "url": "http://httpbin.org/get"
}
]]></system-out>
  </testcase>
  <testcase name="testPostRequestWithData[test1, 123, Test case 1](1)" classname="com.reqres.tests.HttpBinTests" time="0.094">
    <system-out><![CDATA[Request method:	GET
Request URI:	http://httpbin.org/get
Proxy:			<none>
Request params:	<none>
Query params:	<none>
Form params:	<none>
Path params:	<none>
Headers:		Accept=*/*
				Content-Type=application/json
Cookies:		<none>
Multiparts:		<none>
Body:			<none>
HTTP/1.1 200 OK
Date: Wed, 30 Apr 2025 08:25:43 GMT
Content-Type: application/json
Content-Length: 529
Connection: keep-alive
Server: gunicorn/19.9.0
Access-Control-Allow-Origin: *
Access-Control-Allow-Credentials: true

{
    "args": {
        
    },
    "data": "{\"name\":\"test1\",\"value\":123}",
    "files": {
        
    },
    "form": {
        
    },
    "headers": {
        "Accept": "*/*",
        "Accept-Encoding": "gzip,deflate",
        "Content-Length": "28",
        "Content-Type": "application/json",
        "Host": "httpbin.org",
        "User-Agent": "Apache-HttpClient/4.5.13 (Java/17.0.10)",
        "X-Amzn-Trace-Id": "Root=1-6811de87-1961685c49c699446f356e27"
    },
    "json": {
        "name": "test1",
        "value": 123
    },
    "origin": "49.37.129.80",
    "url": "http://httpbin.org/post"
}
]]></system-out>
  </testcase>
  <testcase name="testGetRequestWithQueryParams[param1, test, 200](2)" classname="com.reqres.tests.HttpBinTests" time="0.1">
    <system-out><![CDATA[Request method:	POST
Request URI:	http://httpbin.org/post
Proxy:			<none>
Request params:	<none>
Query params:	<none>
Form params:	<none>
Path params:	<none>
Headers:		Accept=*/*
				Content-Type=application/json
Cookies:		<none>
Multiparts:		<none>
Body:
{
    "name": "test2",
    "value": 456
}
HTTP/1.1 200 OK
Date: Wed, 30 Apr 2025 08:25:43 GMT
Content-Type: application/json
Content-Length: 398
Connection: keep-alive
Server: gunicorn/19.9.0
Access-Control-Allow-Origin: *
Access-Control-Allow-Credentials: true

{
    "args": {
        "param1": "test"
    },
    "headers": {
        "Accept": "*/*",
        "Accept-Encoding": "gzip,deflate",
        "Content-Type": "application/json",
        "Host": "httpbin.org",
        "User-Agent": "Apache-HttpClient/4.5.13 (Java/17.0.10)",
        "X-Amzn-Trace-Id": "Root=1-6811de87-118712677b1f3b264d5fbce0"
    },
    "origin": "49.37.129.80",
    "url": "http://httpbin.org/get?param1=test"
}
]]></system-out>
  </testcase>
  <testcase name="testRequestTimeout" classname="com.reqres.tests.HttpBinTests" time="0.265">
    <system-out><![CDATA[Request method:	GET
Request URI:	http://httpbin.org/get?key=123
Proxy:			<none>
Request params:	<none>
Query params:	key=123
Form params:	<none>
Path params:	<none>
Headers:		Accept=*/*
				Content-Type=application/json
Cookies:		<none>
Multiparts:		<none>
Body:			<none>
HTTP/1.1 200 OK
Date: Wed, 30 Apr 2025 08:25:44 GMT
Content-Type: application/json
Content-Length: 362
Connection: keep-alive
Server: gunicorn/19.9.0
Access-Control-Allow-Origin: *
Access-Control-Allow-Credentials: true

{
    "args": {
        
    },
    "headers": {
        "Accept": "*/*",
        "Accept-Encoding": "gzip,deflate",
        "Content-Type": "application/json",
        "Host": "httpbin.org",
        "User-Agent": "Apache-HttpClient/4.5.13 (Java/17.0.10)",
        "X-Amzn-Trace-Id": "Root=1-6811de88-7b86c6a463fa54d319f69ead"
    },
    "origin": "49.37.129.80",
    "url": "http://httpbin.org/get"
}
]]></system-out>
  </testcase>
  <testcase name="testPostRequestWithData[test2, 456, Test case 2](2)" classname="com.reqres.tests.HttpBinTests" time="0.11">
    <system-out><![CDATA[Request method:	GET
Request URI:	http://httpbin.org/get
Proxy:			<none>
Request params:	<none>
Query params:	<none>
Form params:	<none>
Path params:	<none>
Headers:		custom-header1=value1
				Accept=*/*
				Content-Type=application/json
Cookies:		<none>
Multiparts:		<none>
Body:			<none>
HTTP/1.1 200 OK
Date: Wed, 30 Apr 2025 08:25:44 GMT
Content-Type: application/json
Content-Length: 529
Connection: keep-alive
Server: gunicorn/19.9.0
Access-Control-Allow-Origin: *
Access-Control-Allow-Credentials: true

{
    "args": {
        
    },
    "data": "{\"name\":\"test2\",\"value\":456}",
    "files": {
        
    },
    "form": {
        
    },
    "headers": {
        "Accept": "*/*",
        "Accept-Encoding": "gzip,deflate",
        "Content-Length": "28",
        "Content-Type": "application/json",
        "Host": "httpbin.org",
        "User-Agent": "Apache-HttpClient/4.5.13 (Java/17.0.10)",
        "X-Amzn-Trace-Id": "Root=1-6811de88-546efea06867c4cc3e718720"
    },
    "json": {
        "name": "test2",
        "value": 456
    },
    "origin": "49.37.129.80",
    "url": "http://httpbin.org/post"
}
]]></system-out>
  </testcase>
  <testcase name="testGetRequestWithQueryParams[key, 123, 200](3)" classname="com.reqres.tests.HttpBinTests" time="0.062">
    <system-out><![CDATA[Request method:	POST
Request URI:	http://httpbin.org/post
Proxy:			<none>
Request params:	<none>
Query params:	<none>
Form params:	<none>
Path params:	<none>
Headers:		Accept=*/*
				Content-Type=application/json
Cookies:		<none>
Multiparts:		<none>
Body:
{
    "name": "test3",
    "value": 789
}
HTTP/1.1 200 OK
Date: Wed, 30 Apr 2025 08:25:44 GMT
Content-Type: application/json
Content-Length: 390
Connection: keep-alive
Server: gunicorn/19.9.0
Access-Control-Allow-Origin: *
Access-Control-Allow-Credentials: true

{
    "args": {
        "key": "123"
    },
    "headers": {
        "Accept": "*/*",
        "Accept-Encoding": "gzip,deflate",
        "Content-Type": "application/json",
        "Host": "httpbin.org",
        "User-Agent": "Apache-HttpClient/4.5.13 (Java/17.0.10)",
        "X-Amzn-Trace-Id": "Root=1-6811de88-43b77ad5476dd1e515f92b02"
    },
    "origin": "49.37.129.80",
    "url": "http://httpbin.org/get?key=123"
}
]]></system-out>
  </testcase>
  <testcase name="testRequestWithHeaders[custom-header1, value1](1)" classname="com.reqres.tests.HttpBinTests" time="0.379">
    <system-out><![CDATA[HTTP/1.1 200 OK
Date: Wed, 30 Apr 2025 08:25:44 GMT
Content-Type: application/json
Content-Length: 395
Connection: keep-alive
Server: gunicorn/19.9.0
Access-Control-Allow-Origin: *
Access-Control-Allow-Credentials: true

{
    "args": {
        
    },
    "headers": {
        "Accept": "*/*",
        "Accept-Encoding": "gzip,deflate",
        "Content-Type": "application/json",
        "Custom-Header1": "value1",
        "Host": "httpbin.org",
        "User-Agent": "Apache-HttpClient/4.5.13 (Java/17.0.10)",
        "X-Amzn-Trace-Id": "Root=1-6811de88-3d5419d739b7a4f515325317"
    },
    "origin": "49.37.129.80",
    "url": "http://httpbin.org/get"
}
]]></system-out>
  </testcase>
  <testcase name="testPostRequestWithData[test3, 789, Test case 3](3)" classname="com.reqres.tests.HttpBinTests" time="0.209">
    <system-out><![CDATA[Request method:	GET
Request URI:	http://httpbin.org/get
Proxy:			<none>
Request params:	<none>
Query params:	<none>
Form params:	<none>
Path params:	<none>
Headers:		custom-header2=value2
				Accept=*/*
				Content-Type=application/json
Cookies:		<none>
Multiparts:		<none>
Body:			<none>
HTTP/1.1 200 OK
Date: Wed, 30 Apr 2025 08:25:44 GMT
Content-Type: application/json
Content-Length: 529
Connection: keep-alive
Server: gunicorn/19.9.0
Access-Control-Allow-Origin: *
Access-Control-Allow-Credentials: true

{
    "args": {
        
    },
    "data": "{\"name\":\"test3\",\"value\":789}",
    "files": {
        
    },
    "form": {
        
    },
    "headers": {
        "Accept": "*/*",
        "Accept-Encoding": "gzip,deflate",
        "Content-Length": "28",
        "Content-Type": "application/json",
        "Host": "httpbin.org",
        "User-Agent": "Apache-HttpClient/4.5.13 (Java/17.0.10)",
        "X-Amzn-Trace-Id": "Root=1-6811de88-25b0baed18e4487f43544ec8"
    },
    "json": {
        "name": "test3",
        "value": 789
    },
    "origin": "49.37.129.80",
    "url": "http://httpbin.org/post"
}
]]></system-out>
  </testcase>
  <testcase name="testRequestWithHeaders[custom-header2, value2](2)" classname="com.reqres.tests.HttpBinTests" time="0.959">
    <system-out><![CDATA[HTTP/1.1 200 OK
Date: Wed, 30 Apr 2025 08:25:45 GMT
Content-Type: application/json
Content-Length: 395
Connection: keep-alive
Server: gunicorn/19.9.0
Access-Control-Allow-Origin: *
Access-Control-Allow-Credentials: true

{
    "args": {
        
    },
    "headers": {
        "Accept": "*/*",
        "Accept-Encoding": "gzip,deflate",
        "Content-Type": "application/json",
        "Custom-Header2": "value2",
        "Host": "httpbin.org",
        "User-Agent": "Apache-HttpClient/4.5.13 (Java/17.0.10)",
        "X-Amzn-Trace-Id": "Root=1-6811de89-3abd0f5d6287843f41ca3628"
    },
    "origin": "49.37.129.80",
    "url": "http://httpbin.org/get"
}
]]></system-out>
  </testcase>
  <testcase name="testRequestWithHeaders[custom-header3, value3](3)" classname="com.reqres.tests.HttpBinTests" time="0.456">
    <system-out><![CDATA[Request method:	GET
Request URI:	http://httpbin.org/get
Proxy:			<none>
Request params:	<none>
Query params:	<none>
Form params:	<none>
Path params:	<none>
Headers:		custom-header3=value3
				Accept=*/*
				Content-Type=application/json
Cookies:		<none>
Multiparts:		<none>
Body:			<none>
HTTP/1.1 200 OK
Date: Wed, 30 Apr 2025 08:25:46 GMT
Content-Type: application/json
Content-Length: 395
Connection: keep-alive
Server: gunicorn/19.9.0
Access-Control-Allow-Origin: *
Access-Control-Allow-Credentials: true

{
    "args": {
        
    },
    "headers": {
        "Accept": "*/*",
        "Accept-Encoding": "gzip,deflate",
        "Content-Type": "application/json",
        "Custom-Header3": "value3",
        "Host": "httpbin.org",
        "User-Agent": "Apache-HttpClient/4.5.13 (Java/17.0.10)",
        "X-Amzn-Trace-Id": "Root=1-6811de8a-0dcc2a6f168d8e62377ca03c"
    },
    "origin": "49.37.129.80",
    "url": "http://httpbin.org/get"
}
]]></system-out>
  </testcase>
</testsuite>