<?xml version="1.0" encoding="UTF-8"?>
<!-- Generated by org.testng.reporters.JUnitXMLReporter -->
<testsuite ignored="2" hostname="DESKTOP-OF5POSM" failures="0" tests="14" name="API Tests" time="5.289" errors="0" timestamp="2025-04-30T13:46:11 IST">
  <testcase classname="com.reqres.tests.HttpBinTests" name="testBearerAuth" time="1.924"/>
  <testcase classname="com.reqres.tests.HttpBinTests" name="testGetRequest" time="1.923"/>
  <testcase classname="com.reqres.tests.HttpBinTests" name="testBasicAuth" time="2.302"/>
  <testcase classname="com.reqres.tests.HttpBinTests" name="testGzipCompression" time="0.468"/>
  <testcase classname="com.reqres.tests.HttpBinTests" name="testGetRequestWithQueryParams" time="0.492"/>
  <testcase classname="com.reqres.tests.HttpBinTests" name="testGetRequestWithQueryParams" time="0.482"/>
  <testcase classname="com.reqres.tests.HttpBinTests" name="testGetRequestWithQueryParams" time="0.484"/>
  <testcase classname="com.reqres.tests.HttpBinTests" name="testRequestTimeout" time="1.029"/>
  <testcase classname="com.reqres.tests.HttpBinTests" name="testPostRequestWithData" time="1.145"/>
  <testcase classname="com.reqres.tests.HttpBinTests" name="testRequestWithHeaders" time="0.47"/>
  <testcase classname="com.reqres.tests.HttpBinTests" name="testPostRequestWithData" time="1.122"/>
  <testcase classname="com.reqres.tests.HttpBinTests" name="testRequestWithHeaders" time="0.879"/>
  <testcase classname="com.reqres.tests.HttpBinTests" name="testPostRequestWithData" time="0.471"/>
  <testcase classname="com.reqres.tests.HttpBinTests" name="testRequestWithHeaders" time="0.478"/>
  <testcase classname="com.reqres.tests.HttpBinTests" name="testDeleteRequest" time="0.0">
    <ignored/>
  </testcase> <!-- testDeleteRequest -->
  <testcase classname="com.reqres.tests.HttpBinTests" name="testPutRequest" time="0.0">
    <ignored/>
  </testcase> <!-- testPutRequest -->
</testsuite> <!-- API Tests -->
