<?xml version="1.0" encoding="UTF-8"?>
<!-- Generated by org.testng.reporters.JUnitXMLReporter -->
<testsuite ignored="2" hostname="DESKTOP-OF5POSM" failures="0" tests="14" name="API Tests" time="5.313" errors="0" timestamp="2025-04-30T13:55:46 IST">
  <testcase classname="com.reqres.tests.HttpBinTests" name="testGetRequest" time="2.072"/>
  <testcase classname="com.reqres.tests.HttpBinTests" name="testBearerAuth" time="2.072"/>
  <testcase classname="com.reqres.tests.HttpBinTests" name="testBasicAuth" time="2.071"/>
  <testcase classname="com.reqres.tests.HttpBinTests" name="testGetRequestWithQueryParams" time="0.528"/>
  <testcase classname="com.reqres.tests.HttpBinTests" name="testGzipCompression" time="0.801"/>
  <testcase classname="com.reqres.tests.HttpBinTests" name="testPostRequestWithData" time="0.899"/>
  <testcase classname="com.reqres.tests.HttpBinTests" name="testGetRequestWithQueryParams" time="0.455"/>
  <testcase classname="com.reqres.tests.HttpBinTests" name="testRequestTimeout" time="0.454"/>
  <testcase classname="com.reqres.tests.HttpBinTests" name="testPostRequestWithData" time="0.465"/>
  <testcase classname="com.reqres.tests.HttpBinTests" name="testGetRequestWithQueryParams" time="0.468"/>
  <testcase classname="com.reqres.tests.HttpBinTests" name="testRequestWithHeaders" time="0.491"/>
  <testcase classname="com.reqres.tests.HttpBinTests" name="testPostRequestWithData" time="0.596"/>
  <testcase classname="com.reqres.tests.HttpBinTests" name="testRequestWithHeaders" time="0.975"/>
  <testcase classname="com.reqres.tests.HttpBinTests" name="testRequestWithHeaders" time="0.456"/>
  <testcase classname="com.reqres.tests.HttpBinTests" name="testDeleteRequest" time="0.0">
    <ignored/>
  </testcase> <!-- testDeleteRequest -->
  <testcase classname="com.reqres.tests.HttpBinTests" name="testPutRequest" time="0.0">
    <ignored/>
  </testcase> <!-- testPutRequest -->
</testsuite> <!-- API Tests -->
