<?xml version="1.0" encoding="UTF-8"?>
<!-- Generated by org.testng.reporters.JUnitReportReporter -->
<testsuite hostname="DESKTOP-OF5POSM" failures="0" tests="14" name="com.reqres.tests.HttpBinTests" time="13.701" errors="0" timestamp="2025-04-30T13:46:11 IST" skipped="0">
  <testcase classname="com.reqres.tests.HttpBinTests" name="testGzipCompression" time="0.474"/>
  <system-out/>
  <testcase classname="com.reqres.tests.HttpBinTests" name="testGetRequestWithQueryParams" time="0.483"/>
  <system-out/>
  <testcase classname="com.reqres.tests.HttpBinTests" name="testBearerAuth" time="1.926"/>
  <system-out/>
  <testcase classname="com.reqres.tests.HttpBinTests" name="testPostRequestWithData" time="1.145"/>
  <system-out/>
  <testcase classname="com.reqres.tests.HttpBinTests" name="testGetRequestWithQueryParams" time="0.492"/>
  <system-out/>
  <testcase classname="com.reqres.tests.HttpBinTests" name="testRequestTimeout" time="1.031"/>
  <system-out/>
  <testcase classname="com.reqres.tests.HttpBinTests" name="testRequestWithHeaders" time="0.477"/>
  <system-out/>
  <testcase classname="com.reqres.tests.HttpBinTests" name="testGetRequestWithQueryParams" time="0.484"/>
  <system-out/>
  <testcase classname="com.reqres.tests.HttpBinTests" name="testGetRequest" time="1.925"/>
  <system-out/>
  <testcase classname="com.reqres.tests.HttpBinTests" name="testBasicAuth" time="2.307"/>
  <system-out/>
  <testcase classname="com.reqres.tests.HttpBinTests" name="testPostRequestWithData" time="0.472"/>
  <system-out/>
  <testcase classname="com.reqres.tests.HttpBinTests" name="testPostRequestWithData" time="1.125"/>
  <system-out/>
  <testcase classname="com.reqres.tests.HttpBinTests" name="testRequestWithHeaders" time="0.881"/>
  <system-out/>
  <testcase classname="com.reqres.tests.HttpBinTests" name="testRequestWithHeaders" time="0.479"/>
  <system-out/>
</testsuite> <!-- com.reqres.tests.HttpBinTests -->
