<?xml version="1.0" encoding="UTF-8"?>
<!-- Generated by org.testng.reporters.JUnitReportReporter -->
<testsuite hostname="DESKTOP-OF5POSM" failures="0" tests="14" name="com.reqres.tests.HttpBinTests" time="12.815" errors="0" timestamp="2025-04-30T13:55:46 IST" skipped="0">
  <testcase classname="com.reqres.tests.HttpBinTests" name="testRequestTimeout" time="0.454"/>
  <system-out/>
  <testcase classname="com.reqres.tests.HttpBinTests" name="testGetRequestWithQueryParams" time="0.455"/>
  <system-out/>
  <testcase classname="com.reqres.tests.HttpBinTests" name="testRequestWithHeaders" time="0.491"/>
  <system-out/>
  <testcase classname="com.reqres.tests.HttpBinTests" name="testPostRequestWithData" time="0.596"/>
  <system-out/>
  <testcase classname="com.reqres.tests.HttpBinTests" name="testBearerAuth" time="2.073"/>
  <system-out/>
  <testcase classname="com.reqres.tests.HttpBinTests" name="testGetRequestWithQueryParams" time="0.468"/>
  <system-out/>
  <testcase classname="com.reqres.tests.HttpBinTests" name="testRequestWithHeaders" time="0.975"/>
  <system-out/>
  <testcase classname="com.reqres.tests.HttpBinTests" name="testPostRequestWithData" time="0.468"/>
  <system-out/>
  <testcase classname="com.reqres.tests.HttpBinTests" name="testPostRequestWithData" time="0.903"/>
  <system-out/>
  <testcase classname="com.reqres.tests.HttpBinTests" name="testGetRequestWithQueryParams" time="0.528"/>
  <system-out/>
  <testcase classname="com.reqres.tests.HttpBinTests" name="testGetRequest" time="2.072"/>
  <system-out/>
  <testcase classname="com.reqres.tests.HttpBinTests" name="testBasicAuth" time="2.071"/>
  <system-out/>
  <testcase classname="com.reqres.tests.HttpBinTests" name="testGzipCompression" time="0.801"/>
  <system-out/>
  <testcase classname="com.reqres.tests.HttpBinTests" name="testRequestWithHeaders" time="0.460"/>
  <system-out/>
</testsuite> <!-- com.reqres.tests.HttpBinTests -->
